<?xml version="1.0" encoding="UTF-8"?>
<!-- Generated by org.testng.reporters.JUnitXMLReporter -->
<testsuite hostname="Nimesh81" ignored="1" name="week15_orangehrmlive.nimesh" tests="1" failures="0" timestamp="2022-12-11T20:57:01 GMT" time="7.203" errors="0">
  <testcase name="userShouldNavigateToForgotPasswordPageSuccessfully" time="0.683" classname="com.orangehrmlive.demo.testsuite.LoginPageTest"/>
  <testcase name="verifyUserShouldLoginPageSuccessfully" time="0.0" classname="com.orangehrmlive.demo.testsuite.LoginPageTest">
    <ignored/>
  </testcase> <!-- verifyUserShouldLoginPageSuccessfully -->
</testsuite> <!-- week15_orangehrmlive.nimesh -->
