<?xml version="1.0" encoding="UTF-8"?>
<!-- Generated by org.testng.reporters.JUnitXMLReporter -->
<testsuite hostname="Nimesh81" ignored="1" name="Smoke Test" tests="1" failures="0" timestamp="2022-12-13T23:04:31 GMT" time="7.544" errors="0">
  <testcase name="userShouldNavigateToForgotPasswordPageSuccessfully" time="0.852" classname="com.orangehrmlive.demo.testsuite.LoginPageTest"/>
  <testcase name="verifyUserShouldLoginPageSuccessfully" time="0.0" classname="com.orangehrmlive.demo.testsuite.LoginPageTest">
    <ignored/>
  </testcase> <!-- verifyUserShouldLoginPageSuccessfully -->
</testsuite> <!-- Smoke Test -->
